<?xml version="1.0" encoding="UTF-8"?>
<!-- Generated by org.testng.reporters.JUnitReportReporter -->
<testsuite hostname="DESKTOP-MURDGNT" failures="0" tests="1" name="testScript.Login" time="8.340" errors="0" timestamp="2023-09-05T12:09:26 IST" skipped="0">
  <testcase classname="testScript.Login" name="loginTest" time="8.340"/>
</testsuite> <!-- testScript.Login -->
